<?xml version="1.0" encoding="UTF-8"?>
<!-- Generated by org.testng.reporters.JUnitReportReporter -->
<testsuite hostname="LAPTOP-GDG8CGHE" failures="0" tests="5" name="testCases.TC_003_LoginDDT" time="64.962" errors="0" timestamp="2024-04-18T12:11:39 IST" skipped="0">
  <testcase classname="testCases.TC_003_LoginDDT" name="verify_loginDDT" time="8.848"/>
  <testcase classname="testCases.TC_003_LoginDDT" name="verify_loginDDT" time="9.234"/>
  <testcase classname="testCases.TC_003_LoginDDT" name="verify_loginDDT" time="14.835"/>
  <testcase classname="testCases.TC_003_LoginDDT" name="verify_loginDDT" time="15.762"/>
  <testcase classname="testCases.TC_003_LoginDDT" name="verify_loginDDT" time="16.283"/>
</testsuite> <!-- testCases.TC_003_LoginDDT -->
