<?xml version="1.0" encoding="UTF-8"?>
<!-- Generated by org.testng.reporters.JUnitReportReporter -->
<testsuite hostname="LAPTOP-GDG8CGHE" failures="0" tests="1" name="testCases.TC_004_EndToEndCase" time="26.202" errors="0" timestamp="2024-05-01T03:15:49 IST" skipped="0">
  <testcase classname="testCases.TC_004_EndToEndCase" name="verify_endToEndScenario" time="26.202"/>
</testsuite> <!-- testCases.TC_004_EndToEndCase -->
