<?xml version="1.0" encoding="UTF-8"?>
<!-- Generated by org.testng.reporters.JUnitReportReporter -->
<testsuite hostname="LAPTOP-GDG8CGHE" failures="0" tests="1" name="testCases.TC_005_AddToCard" time="15.490" errors="0" timestamp="2024-04-29T14:11:10 IST" skipped="0">
  <testcase classname="testCases.TC_005_AddToCard" name="verify_test" time="15.490"/>
</testsuite> <!-- testCases.TC_005_AddToCard -->
