<?xml version="1.0" encoding="UTF-8"?>
<!-- Generated by org.testng.reporters.JUnitReportReporter -->
<testsuite hostname="LAPTOP-GDG8CGHE" failures="0" tests="1" name="testCases.TC_002_LoginTest" time="4.775" errors="0" timestamp="2024-05-01T00:44:35 IST" skipped="0">
  <testcase classname="testCases.TC_002_LoginTest" name="verify_test" time="4.775"/>
</testsuite> <!-- testCases.TC_002_LoginTest -->
