<?xml version="1.0" encoding="UTF-8"?>
<!-- Generated by org.testng.reporters.JUnitReportReporter -->
<testsuite hostname="LAPTOP-GDG8CGHE" failures="0" tests="1" name="testCases.TC_002_LoginTest" time="5.342" errors="0" timestamp="2024-04-29T01:56:38 IST" skipped="0">
  <testcase classname="testCases.TC_002_LoginTest" name="verify_test" time="5.342"/>
</testsuite> <!-- testCases.TC_002_LoginTest -->
