<?xml version="1.0" encoding="UTF-8"?>
<!-- Generated by org.testng.reporters.JUnitReportReporter -->
<testsuite hostname="LAPTOP-GDG8CGHE" failures="0" tests="1" name="testCases.TC_001_AccountRegistrationTest" time="6.509" errors="0" timestamp="2024-04-29T01:56:38 IST" skipped="0">
  <testcase classname="testCases.TC_001_AccountRegistrationTest" name="verify_account_registratdriver" time="6.509"/>
</testsuite> <!-- testCases.TC_001_AccountRegistrationTest -->
