<?xml version="1.0" encoding="UTF-8"?>
<!-- Generated by org.testng.reporters.JUnitReportReporter -->
<testsuite hostname="LAPTOP-GDG8CGHE" failures="0" tests="1" name="testCases.TC_002_LoginTest" time="5.118" errors="0" timestamp="2024-04-28T14:43:41 IST" skipped="0">
  <testcase classname="testCases.TC_002_LoginTest" name="verify_test" time="5.118"/>
</testsuite> <!-- testCases.TC_002_LoginTest -->
